DEBUG main freemarker.cache - Couldn't find template in cache for "templates/entity.java.ftl"("zh_CN", UTF-8, parsed); will try to load it.
DEBUG main freemarker.cache - TemplateLoader.findTemplateSource("templates/entity.java_zh_CN.ftl"): Not found
DEBUG main freemarker.cache - TemplateLoader.findTemplateSource("templates/entity.java_zh.ftl"): Not found
DEBUG main freemarker.cache - TemplateLoader.findTemplateSource("templates/entity.java.ftl"): Found
DEBUG main freemarker.cache - Loading template for "templates/entity.java.ftl"("zh_CN", UTF-8, parsed) from "jar:file:/C:/install/repMaven/Repository/com/baomidou/mybatis-plus-generator/3.5.2/mybatis-plus-generator-3.5.2.jar!/templates/entity.java.ftl"
DEBUG main freemarker.cache - Couldn't find template in cache for "templates/mapper.java.ftl"("zh_CN", UTF-8, parsed); will try to load it.
DEBUG main freemarker.cache - TemplateLoader.findTemplateSource("templates/mapper.java_zh_CN.ftl"): Not found
DEBUG main freemarker.cache - TemplateLoader.findTemplateSource("templates/mapper.java_zh.ftl"): Not found
DEBUG main freemarker.cache - TemplateLoader.findTemplateSource("templates/mapper.java.ftl"): Found
DEBUG main freemarker.cache - Loading template for "templates/mapper.java.ftl"("zh_CN", UTF-8, parsed) from "jar:file:/C:/install/repMaven/Repository/com/baomidou/mybatis-plus-generator/3.5.2/mybatis-plus-generator-3.5.2.jar!/templates/mapper.java.ftl"
DEBUG main freemarker.cache - Couldn't find template in cache for "templates/mapper.xml.ftl"("zh_CN", UTF-8, parsed); will try to load it.
DEBUG main freemarker.cache - TemplateLoader.findTemplateSource("templates/mapper.xml_zh_CN.ftl"): Not found
DEBUG main freemarker.cache - TemplateLoader.findTemplateSource("templates/mapper.xml_zh.ftl"): Not found
DEBUG main freemarker.cache - TemplateLoader.findTemplateSource("templates/mapper.xml.ftl"): Found
DEBUG main freemarker.cache - Loading template for "templates/mapper.xml.ftl"("zh_CN", UTF-8, parsed) from "jar:file:/C:/install/repMaven/Repository/com/baomidou/mybatis-plus-generator/3.5.2/mybatis-plus-generator-3.5.2.jar!/templates/mapper.xml.ftl"
DEBUG main freemarker.cache - Couldn't find template in cache for "templates/service.java.ftl"("zh_CN", UTF-8, parsed); will try to load it.
DEBUG main freemarker.cache - TemplateLoader.findTemplateSource("templates/service.java_zh_CN.ftl"): Not found
DEBUG main freemarker.cache - TemplateLoader.findTemplateSource("templates/service.java_zh.ftl"): Not found
DEBUG main freemarker.cache - TemplateLoader.findTemplateSource("templates/service.java.ftl"): Found
DEBUG main freemarker.cache - Loading template for "templates/service.java.ftl"("zh_CN", UTF-8, parsed) from "jar:file:/C:/install/repMaven/Repository/com/baomidou/mybatis-plus-generator/3.5.2/mybatis-plus-generator-3.5.2.jar!/templates/service.java.ftl"
DEBUG main freemarker.cache - Couldn't find template in cache for "templates/serviceImpl.java.ftl"("zh_CN", UTF-8, parsed); will try to load it.
DEBUG main freemarker.cache - TemplateLoader.findTemplateSource("templates/serviceImpl.java_zh_CN.ftl"): Not found
DEBUG main freemarker.cache - TemplateLoader.findTemplateSource("templates/serviceImpl.java_zh.ftl"): Not found
DEBUG main freemarker.cache - TemplateLoader.findTemplateSource("templates/serviceImpl.java.ftl"): Found
DEBUG main freemarker.cache - Loading template for "templates/serviceImpl.java.ftl"("zh_CN", UTF-8, parsed) from "jar:file:/C:/install/repMaven/Repository/com/baomidou/mybatis-plus-generator/3.5.2/mybatis-plus-generator-3.5.2.jar!/templates/serviceImpl.java.ftl"
DEBUG main freemarker.cache - Couldn't find template in cache for "templates/controller.java.ftl"("zh_CN", UTF-8, parsed); will try to load it.
DEBUG main freemarker.cache - TemplateLoader.findTemplateSource("templates/controller.java_zh_CN.ftl"): Not found
DEBUG main freemarker.cache - TemplateLoader.findTemplateSource("templates/controller.java_zh.ftl"): Not found
DEBUG main freemarker.cache - TemplateLoader.findTemplateSource("templates/controller.java.ftl"): Found
DEBUG main freemarker.cache - Loading template for "templates/controller.java.ftl"("zh_CN", UTF-8, parsed) from "jar:file:/C:/install/repMaven/Repository/com/baomidou/mybatis-plus-generator/3.5.2/mybatis-plus-generator-3.5.2.jar!/templates/controller.java.ftl"
DEBUG main freemarker.cache - Couldn't find template in cache for "templates/entity.java.ftl"("zh_CN", UTF-8, parsed); will try to load it.
DEBUG main freemarker.cache - TemplateLoader.findTemplateSource("templates/entity.java_zh_CN.ftl"): Not found
DEBUG main freemarker.cache - TemplateLoader.findTemplateSource("templates/entity.java_zh.ftl"): Not found
DEBUG main freemarker.cache - TemplateLoader.findTemplateSource("templates/entity.java.ftl"): Found
DEBUG main freemarker.cache - Loading template for "templates/entity.java.ftl"("zh_CN", UTF-8, parsed) from "jar:file:/C:/install/repMaven/Repository/com/baomidou/mybatis-plus-generator/3.5.2/mybatis-plus-generator-3.5.2.jar!/templates/entity.java.ftl"
DEBUG main freemarker.cache - Couldn't find template in cache for "templates/mapper.java.ftl"("zh_CN", UTF-8, parsed); will try to load it.
DEBUG main freemarker.cache - TemplateLoader.findTemplateSource("templates/mapper.java_zh_CN.ftl"): Not found
DEBUG main freemarker.cache - TemplateLoader.findTemplateSource("templates/mapper.java_zh.ftl"): Not found
DEBUG main freemarker.cache - TemplateLoader.findTemplateSource("templates/mapper.java.ftl"): Found
DEBUG main freemarker.cache - Loading template for "templates/mapper.java.ftl"("zh_CN", UTF-8, parsed) from "jar:file:/C:/install/repMaven/Repository/com/baomidou/mybatis-plus-generator/3.5.2/mybatis-plus-generator-3.5.2.jar!/templates/mapper.java.ftl"
DEBUG main freemarker.cache - Couldn't find template in cache for "templates/mapper.xml.ftl"("zh_CN", UTF-8, parsed); will try to load it.
DEBUG main freemarker.cache - TemplateLoader.findTemplateSource("templates/mapper.xml_zh_CN.ftl"): Not found
DEBUG main freemarker.cache - TemplateLoader.findTemplateSource("templates/mapper.xml_zh.ftl"): Not found
DEBUG main freemarker.cache - TemplateLoader.findTemplateSource("templates/mapper.xml.ftl"): Found
DEBUG main freemarker.cache - Loading template for "templates/mapper.xml.ftl"("zh_CN", UTF-8, parsed) from "jar:file:/C:/install/repMaven/Repository/com/baomidou/mybatis-plus-generator/3.5.2/mybatis-plus-generator-3.5.2.jar!/templates/mapper.xml.ftl"
DEBUG main freemarker.cache - Couldn't find template in cache for "templates/service.java.ftl"("zh_CN", UTF-8, parsed); will try to load it.
DEBUG main freemarker.cache - TemplateLoader.findTemplateSource("templates/service.java_zh_CN.ftl"): Not found
DEBUG main freemarker.cache - TemplateLoader.findTemplateSource("templates/service.java_zh.ftl"): Not found
DEBUG main freemarker.cache - TemplateLoader.findTemplateSource("templates/service.java.ftl"): Found
DEBUG main freemarker.cache - Loading template for "templates/service.java.ftl"("zh_CN", UTF-8, parsed) from "jar:file:/C:/install/repMaven/Repository/com/baomidou/mybatis-plus-generator/3.5.2/mybatis-plus-generator-3.5.2.jar!/templates/service.java.ftl"
DEBUG main freemarker.cache - Couldn't find template in cache for "templates/serviceImpl.java.ftl"("zh_CN", UTF-8, parsed); will try to load it.
DEBUG main freemarker.cache - TemplateLoader.findTemplateSource("templates/serviceImpl.java_zh_CN.ftl"): Not found
DEBUG main freemarker.cache - TemplateLoader.findTemplateSource("templates/serviceImpl.java_zh.ftl"): Not found
DEBUG main freemarker.cache - TemplateLoader.findTemplateSource("templates/serviceImpl.java.ftl"): Found
DEBUG main freemarker.cache - Loading template for "templates/serviceImpl.java.ftl"("zh_CN", UTF-8, parsed) from "jar:file:/C:/install/repMaven/Repository/com/baomidou/mybatis-plus-generator/3.5.2/mybatis-plus-generator-3.5.2.jar!/templates/serviceImpl.java.ftl"
DEBUG main freemarker.cache - Couldn't find template in cache for "templates/controller.java.ftl"("zh_CN", UTF-8, parsed); will try to load it.
DEBUG main freemarker.cache - TemplateLoader.findTemplateSource("templates/controller.java_zh_CN.ftl"): Not found
DEBUG main freemarker.cache - TemplateLoader.findTemplateSource("templates/controller.java_zh.ftl"): Not found
DEBUG main freemarker.cache - TemplateLoader.findTemplateSource("templates/controller.java.ftl"): Found
DEBUG main freemarker.cache - Loading template for "templates/controller.java.ftl"("zh_CN", UTF-8, parsed) from "jar:file:/C:/install/repMaven/Repository/com/baomidou/mybatis-plus-generator/3.5.2/mybatis-plus-generator-3.5.2.jar!/templates/controller.java.ftl"
DEBUG main freemarker.cache - Couldn't find template in cache for "templates/entity.java.ftl"("zh_CN", UTF-8, parsed); will try to load it.
DEBUG main freemarker.cache - TemplateLoader.findTemplateSource("templates/entity.java_zh_CN.ftl"): Not found
DEBUG main freemarker.cache - TemplateLoader.findTemplateSource("templates/entity.java_zh.ftl"): Not found
DEBUG main freemarker.cache - TemplateLoader.findTemplateSource("templates/entity.java.ftl"): Found
DEBUG main freemarker.cache - Loading template for "templates/entity.java.ftl"("zh_CN", UTF-8, parsed) from "jar:file:/C:/install/repMaven/Repository/com/baomidou/mybatis-plus-generator/3.5.2/mybatis-plus-generator-3.5.2.jar!/templates/entity.java.ftl"
DEBUG main freemarker.cache - Couldn't find template in cache for "templates/mapper.java.ftl"("zh_CN", UTF-8, parsed); will try to load it.
DEBUG main freemarker.cache - TemplateLoader.findTemplateSource("templates/mapper.java_zh_CN.ftl"): Not found
DEBUG main freemarker.cache - TemplateLoader.findTemplateSource("templates/mapper.java_zh.ftl"): Not found
DEBUG main freemarker.cache - TemplateLoader.findTemplateSource("templates/mapper.java.ftl"): Found
DEBUG main freemarker.cache - Loading template for "templates/mapper.java.ftl"("zh_CN", UTF-8, parsed) from "jar:file:/C:/install/repMaven/Repository/com/baomidou/mybatis-plus-generator/3.5.2/mybatis-plus-generator-3.5.2.jar!/templates/mapper.java.ftl"
DEBUG main freemarker.cache - Couldn't find template in cache for "templates/mapper.xml.ftl"("zh_CN", UTF-8, parsed); will try to load it.
DEBUG main freemarker.cache - TemplateLoader.findTemplateSource("templates/mapper.xml_zh_CN.ftl"): Not found
DEBUG main freemarker.cache - TemplateLoader.findTemplateSource("templates/mapper.xml_zh.ftl"): Not found
DEBUG main freemarker.cache - TemplateLoader.findTemplateSource("templates/mapper.xml.ftl"): Found
DEBUG main freemarker.cache - Loading template for "templates/mapper.xml.ftl"("zh_CN", UTF-8, parsed) from "jar:file:/C:/install/repMaven/Repository/com/baomidou/mybatis-plus-generator/3.5.2/mybatis-plus-generator-3.5.2.jar!/templates/mapper.xml.ftl"
DEBUG main freemarker.cache - Couldn't find template in cache for "templates/service.java.ftl"("zh_CN", UTF-8, parsed); will try to load it.
DEBUG main freemarker.cache - TemplateLoader.findTemplateSource("templates/service.java_zh_CN.ftl"): Not found
DEBUG main freemarker.cache - TemplateLoader.findTemplateSource("templates/service.java_zh.ftl"): Not found
DEBUG main freemarker.cache - TemplateLoader.findTemplateSource("templates/service.java.ftl"): Found
DEBUG main freemarker.cache - Loading template for "templates/service.java.ftl"("zh_CN", UTF-8, parsed) from "jar:file:/C:/install/repMaven/Repository/com/baomidou/mybatis-plus-generator/3.5.2/mybatis-plus-generator-3.5.2.jar!/templates/service.java.ftl"
DEBUG main freemarker.cache - Couldn't find template in cache for "templates/serviceImpl.java.ftl"("zh_CN", UTF-8, parsed); will try to load it.
DEBUG main freemarker.cache - TemplateLoader.findTemplateSource("templates/serviceImpl.java_zh_CN.ftl"): Not found
DEBUG main freemarker.cache - TemplateLoader.findTemplateSource("templates/serviceImpl.java_zh.ftl"): Not found
DEBUG main freemarker.cache - TemplateLoader.findTemplateSource("templates/serviceImpl.java.ftl"): Found
DEBUG main freemarker.cache - Loading template for "templates/serviceImpl.java.ftl"("zh_CN", UTF-8, parsed) from "jar:file:/C:/install/repMaven/Repository/com/baomidou/mybatis-plus-generator/3.5.2/mybatis-plus-generator-3.5.2.jar!/templates/serviceImpl.java.ftl"
DEBUG main freemarker.cache - Couldn't find template in cache for "templates/controller.java.ftl"("zh_CN", UTF-8, parsed); will try to load it.
DEBUG main freemarker.cache - TemplateLoader.findTemplateSource("templates/controller.java_zh_CN.ftl"): Not found
DEBUG main freemarker.cache - TemplateLoader.findTemplateSource("templates/controller.java_zh.ftl"): Not found
DEBUG main freemarker.cache - TemplateLoader.findTemplateSource("templates/controller.java.ftl"): Found
DEBUG main freemarker.cache - Loading template for "templates/controller.java.ftl"("zh_CN", UTF-8, parsed) from "jar:file:/C:/install/repMaven/Repository/com/baomidou/mybatis-plus-generator/3.5.2/mybatis-plus-generator-3.5.2.jar!/templates/controller.java.ftl"
DEBUG main freemarker.cache - Couldn't find template in cache for "templates/entity.java.ftl"("zh_CN", UTF-8, parsed); will try to load it.
DEBUG main freemarker.cache - TemplateLoader.findTemplateSource("templates/entity.java_zh_CN.ftl"): Not found
DEBUG main freemarker.cache - TemplateLoader.findTemplateSource("templates/entity.java_zh.ftl"): Not found
DEBUG main freemarker.cache - TemplateLoader.findTemplateSource("templates/entity.java.ftl"): Found
DEBUG main freemarker.cache - Loading template for "templates/entity.java.ftl"("zh_CN", UTF-8, parsed) from "jar:file:/C:/install/repMaven/Repository/com/baomidou/mybatis-plus-generator/3.5.2/mybatis-plus-generator-3.5.2.jar!/templates/entity.java.ftl"
DEBUG main freemarker.cache - Couldn't find template in cache for "templates/mapper.java.ftl"("zh_CN", UTF-8, parsed); will try to load it.
DEBUG main freemarker.cache - TemplateLoader.findTemplateSource("templates/mapper.java_zh_CN.ftl"): Not found
DEBUG main freemarker.cache - TemplateLoader.findTemplateSource("templates/mapper.java_zh.ftl"): Not found
DEBUG main freemarker.cache - TemplateLoader.findTemplateSource("templates/mapper.java.ftl"): Found
DEBUG main freemarker.cache - Loading template for "templates/mapper.java.ftl"("zh_CN", UTF-8, parsed) from "jar:file:/C:/install/repMaven/Repository/com/baomidou/mybatis-plus-generator/3.5.2/mybatis-plus-generator-3.5.2.jar!/templates/mapper.java.ftl"
DEBUG main freemarker.cache - Couldn't find template in cache for "templates/mapper.xml.ftl"("zh_CN", UTF-8, parsed); will try to load it.
DEBUG main freemarker.cache - TemplateLoader.findTemplateSource("templates/mapper.xml_zh_CN.ftl"): Not found
DEBUG main freemarker.cache - TemplateLoader.findTemplateSource("templates/mapper.xml_zh.ftl"): Not found
DEBUG main freemarker.cache - TemplateLoader.findTemplateSource("templates/mapper.xml.ftl"): Found
DEBUG main freemarker.cache - Loading template for "templates/mapper.xml.ftl"("zh_CN", UTF-8, parsed) from "jar:file:/C:/install/repMaven/Repository/com/baomidou/mybatis-plus-generator/3.5.2/mybatis-plus-generator-3.5.2.jar!/templates/mapper.xml.ftl"
DEBUG main freemarker.cache - Couldn't find template in cache for "templates/service.java.ftl"("zh_CN", UTF-8, parsed); will try to load it.
DEBUG main freemarker.cache - TemplateLoader.findTemplateSource("templates/service.java_zh_CN.ftl"): Not found
DEBUG main freemarker.cache - TemplateLoader.findTemplateSource("templates/service.java_zh.ftl"): Not found
DEBUG main freemarker.cache - TemplateLoader.findTemplateSource("templates/service.java.ftl"): Found
DEBUG main freemarker.cache - Loading template for "templates/service.java.ftl"("zh_CN", UTF-8, parsed) from "jar:file:/C:/install/repMaven/Repository/com/baomidou/mybatis-plus-generator/3.5.2/mybatis-plus-generator-3.5.2.jar!/templates/service.java.ftl"
DEBUG main freemarker.cache - Couldn't find template in cache for "templates/serviceImpl.java.ftl"("zh_CN", UTF-8, parsed); will try to load it.
DEBUG main freemarker.cache - TemplateLoader.findTemplateSource("templates/serviceImpl.java_zh_CN.ftl"): Not found
DEBUG main freemarker.cache - TemplateLoader.findTemplateSource("templates/serviceImpl.java_zh.ftl"): Not found
DEBUG main freemarker.cache - TemplateLoader.findTemplateSource("templates/serviceImpl.java.ftl"): Found
DEBUG main freemarker.cache - Loading template for "templates/serviceImpl.java.ftl"("zh_CN", UTF-8, parsed) from "jar:file:/C:/install/repMaven/Repository/com/baomidou/mybatis-plus-generator/3.5.2/mybatis-plus-generator-3.5.2.jar!/templates/serviceImpl.java.ftl"
DEBUG main freemarker.cache - Couldn't find template in cache for "templates/controller.java.ftl"("zh_CN", UTF-8, parsed); will try to load it.
DEBUG main freemarker.cache - TemplateLoader.findTemplateSource("templates/controller.java_zh_CN.ftl"): Not found
DEBUG main freemarker.cache - TemplateLoader.findTemplateSource("templates/controller.java_zh.ftl"): Not found
DEBUG main freemarker.cache - TemplateLoader.findTemplateSource("templates/controller.java.ftl"): Found
DEBUG main freemarker.cache - Loading template for "templates/controller.java.ftl"("zh_CN", UTF-8, parsed) from "jar:file:/C:/install/repMaven/Repository/com/baomidou/mybatis-plus-generator/3.5.2/mybatis-plus-generator-3.5.2.jar!/templates/controller.java.ftl"
DEBUG main freemarker.cache - Couldn't find template in cache for "templates/entity.java.ftl"("zh_CN", UTF-8, parsed); will try to load it.
DEBUG main freemarker.cache - TemplateLoader.findTemplateSource("templates/entity.java_zh_CN.ftl"): Not found
DEBUG main freemarker.cache - TemplateLoader.findTemplateSource("templates/entity.java_zh.ftl"): Not found
DEBUG main freemarker.cache - TemplateLoader.findTemplateSource("templates/entity.java.ftl"): Found
DEBUG main freemarker.cache - Loading template for "templates/entity.java.ftl"("zh_CN", UTF-8, parsed) from "jar:file:/C:/install/repMaven/Repository/com/baomidou/mybatis-plus-generator/3.5.2/mybatis-plus-generator-3.5.2.jar!/templates/entity.java.ftl"
DEBUG main freemarker.cache - Couldn't find template in cache for "templates/mapper.java.ftl"("zh_CN", UTF-8, parsed); will try to load it.
DEBUG main freemarker.cache - TemplateLoader.findTemplateSource("templates/mapper.java_zh_CN.ftl"): Not found
DEBUG main freemarker.cache - TemplateLoader.findTemplateSource("templates/mapper.java_zh.ftl"): Not found
DEBUG main freemarker.cache - TemplateLoader.findTemplateSource("templates/mapper.java.ftl"): Found
DEBUG main freemarker.cache - Loading template for "templates/mapper.java.ftl"("zh_CN", UTF-8, parsed) from "jar:file:/C:/install/repMaven/Repository/com/baomidou/mybatis-plus-generator/3.5.2/mybatis-plus-generator-3.5.2.jar!/templates/mapper.java.ftl"
DEBUG main freemarker.cache - Couldn't find template in cache for "templates/mapper.xml.ftl"("zh_CN", UTF-8, parsed); will try to load it.
DEBUG main freemarker.cache - TemplateLoader.findTemplateSource("templates/mapper.xml_zh_CN.ftl"): Not found
DEBUG main freemarker.cache - TemplateLoader.findTemplateSource("templates/mapper.xml_zh.ftl"): Not found
DEBUG main freemarker.cache - TemplateLoader.findTemplateSource("templates/mapper.xml.ftl"): Found
DEBUG main freemarker.cache - Loading template for "templates/mapper.xml.ftl"("zh_CN", UTF-8, parsed) from "jar:file:/C:/install/repMaven/Repository/com/baomidou/mybatis-plus-generator/3.5.2/mybatis-plus-generator-3.5.2.jar!/templates/mapper.xml.ftl"
DEBUG main freemarker.cache - Couldn't find template in cache for "templates/service.java.ftl"("zh_CN", UTF-8, parsed); will try to load it.
DEBUG main freemarker.cache - TemplateLoader.findTemplateSource("templates/service.java_zh_CN.ftl"): Not found
DEBUG main freemarker.cache - TemplateLoader.findTemplateSource("templates/service.java_zh.ftl"): Not found
DEBUG main freemarker.cache - TemplateLoader.findTemplateSource("templates/service.java.ftl"): Found
DEBUG main freemarker.cache - Loading template for "templates/service.java.ftl"("zh_CN", UTF-8, parsed) from "jar:file:/C:/install/repMaven/Repository/com/baomidou/mybatis-plus-generator/3.5.2/mybatis-plus-generator-3.5.2.jar!/templates/service.java.ftl"
DEBUG main freemarker.cache - Couldn't find template in cache for "templates/serviceImpl.java.ftl"("zh_CN", UTF-8, parsed); will try to load it.
DEBUG main freemarker.cache - TemplateLoader.findTemplateSource("templates/serviceImpl.java_zh_CN.ftl"): Not found
DEBUG main freemarker.cache - TemplateLoader.findTemplateSource("templates/serviceImpl.java_zh.ftl"): Not found
DEBUG main freemarker.cache - TemplateLoader.findTemplateSource("templates/serviceImpl.java.ftl"): Found
DEBUG main freemarker.cache - Loading template for "templates/serviceImpl.java.ftl"("zh_CN", UTF-8, parsed) from "jar:file:/C:/install/repMaven/Repository/com/baomidou/mybatis-plus-generator/3.5.2/mybatis-plus-generator-3.5.2.jar!/templates/serviceImpl.java.ftl"
DEBUG main freemarker.cache - Couldn't find template in cache for "templates/controller.java.ftl"("zh_CN", UTF-8, parsed); will try to load it.
DEBUG main freemarker.cache - TemplateLoader.findTemplateSource("templates/controller.java_zh_CN.ftl"): Not found
DEBUG main freemarker.cache - TemplateLoader.findTemplateSource("templates/controller.java_zh.ftl"): Not found
DEBUG main freemarker.cache - TemplateLoader.findTemplateSource("templates/controller.java.ftl"): Found
DEBUG main freemarker.cache - Loading template for "templates/controller.java.ftl"("zh_CN", UTF-8, parsed) from "jar:file:/C:/install/repMaven/Repository/com/baomidou/mybatis-plus-generator/3.5.2/mybatis-plus-generator-3.5.2.jar!/templates/controller.java.ftl"
DEBUG main freemarker.cache - Couldn't find template in cache for "templates/entity.java.ftl"("zh_CN", UTF-8, parsed); will try to load it.
DEBUG main freemarker.cache - TemplateLoader.findTemplateSource("templates/entity.java_zh_CN.ftl"): Not found
DEBUG main freemarker.cache - TemplateLoader.findTemplateSource("templates/entity.java_zh.ftl"): Not found
DEBUG main freemarker.cache - TemplateLoader.findTemplateSource("templates/entity.java.ftl"): Found
DEBUG main freemarker.cache - Loading template for "templates/entity.java.ftl"("zh_CN", UTF-8, parsed) from "jar:file:/C:/install/repMaven/Repository/com/baomidou/mybatis-plus-generator/3.5.2/mybatis-plus-generator-3.5.2.jar!/templates/entity.java.ftl"
DEBUG main freemarker.cache - Couldn't find template in cache for "templates/mapper.java.ftl"("zh_CN", UTF-8, parsed); will try to load it.
DEBUG main freemarker.cache - TemplateLoader.findTemplateSource("templates/mapper.java_zh_CN.ftl"): Not found
DEBUG main freemarker.cache - TemplateLoader.findTemplateSource("templates/mapper.java_zh.ftl"): Not found
DEBUG main freemarker.cache - TemplateLoader.findTemplateSource("templates/mapper.java.ftl"): Found
DEBUG main freemarker.cache - Loading template for "templates/mapper.java.ftl"("zh_CN", UTF-8, parsed) from "jar:file:/C:/install/repMaven/Repository/com/baomidou/mybatis-plus-generator/3.5.2/mybatis-plus-generator-3.5.2.jar!/templates/mapper.java.ftl"
DEBUG main freemarker.cache - Couldn't find template in cache for "templates/mapper.xml.ftl"("zh_CN", UTF-8, parsed); will try to load it.
DEBUG main freemarker.cache - TemplateLoader.findTemplateSource("templates/mapper.xml_zh_CN.ftl"): Not found
DEBUG main freemarker.cache - TemplateLoader.findTemplateSource("templates/mapper.xml_zh.ftl"): Not found
DEBUG main freemarker.cache - TemplateLoader.findTemplateSource("templates/mapper.xml.ftl"): Found
DEBUG main freemarker.cache - Loading template for "templates/mapper.xml.ftl"("zh_CN", UTF-8, parsed) from "jar:file:/C:/install/repMaven/Repository/com/baomidou/mybatis-plus-generator/3.5.2/mybatis-plus-generator-3.5.2.jar!/templates/mapper.xml.ftl"
DEBUG main freemarker.cache - Couldn't find template in cache for "templates/service.java.ftl"("zh_CN", UTF-8, parsed); will try to load it.
DEBUG main freemarker.cache - TemplateLoader.findTemplateSource("templates/service.java_zh_CN.ftl"): Not found
DEBUG main freemarker.cache - TemplateLoader.findTemplateSource("templates/service.java_zh.ftl"): Not found
DEBUG main freemarker.cache - TemplateLoader.findTemplateSource("templates/service.java.ftl"): Found
DEBUG main freemarker.cache - Loading template for "templates/service.java.ftl"("zh_CN", UTF-8, parsed) from "jar:file:/C:/install/repMaven/Repository/com/baomidou/mybatis-plus-generator/3.5.2/mybatis-plus-generator-3.5.2.jar!/templates/service.java.ftl"
DEBUG main freemarker.cache - Couldn't find template in cache for "templates/serviceImpl.java.ftl"("zh_CN", UTF-8, parsed); will try to load it.
DEBUG main freemarker.cache - TemplateLoader.findTemplateSource("templates/serviceImpl.java_zh_CN.ftl"): Not found
DEBUG main freemarker.cache - TemplateLoader.findTemplateSource("templates/serviceImpl.java_zh.ftl"): Not found
DEBUG main freemarker.cache - TemplateLoader.findTemplateSource("templates/serviceImpl.java.ftl"): Found
DEBUG main freemarker.cache - Loading template for "templates/serviceImpl.java.ftl"("zh_CN", UTF-8, parsed) from "jar:file:/C:/install/repMaven/Repository/com/baomidou/mybatis-plus-generator/3.5.2/mybatis-plus-generator-3.5.2.jar!/templates/serviceImpl.java.ftl"
DEBUG main freemarker.cache - Couldn't find template in cache for "templates/controller.java.ftl"("zh_CN", UTF-8, parsed); will try to load it.
DEBUG main freemarker.cache - TemplateLoader.findTemplateSource("templates/controller.java_zh_CN.ftl"): Not found
DEBUG main freemarker.cache - TemplateLoader.findTemplateSource("templates/controller.java_zh.ftl"): Not found
DEBUG main freemarker.cache - TemplateLoader.findTemplateSource("templates/controller.java.ftl"): Found
DEBUG main freemarker.cache - Loading template for "templates/controller.java.ftl"("zh_CN", UTF-8, parsed) from "jar:file:/C:/install/repMaven/Repository/com/baomidou/mybatis-plus-generator/3.5.2/mybatis-plus-generator-3.5.2.jar!/templates/controller.java.ftl"
